30 004 06:04:43 CONFIG [geoserver.logging] - Log4j 2 configuration set to DEFAULT_LOGGING.xml
30 004 06:04:45 WARN   [geoserver.monitor] - monitoring storage memory not found, falling back to 'memory'
30 004 06:04:46 CONFIG [org.geoserver] - GeoServer configuration lock is enabled
30 004 06:04:46 CONFIG [org.geoserver] - Loading catalog /geoserver
30 004 06:04:46 WARN   [org.geoserver] - No 'workspaces' directory found, unable to load any stores.
30 004 06:04:46 CONFIG [org.geoserver] - Read catalog in 12.03 ms
30 004 06:04:47 CONFIG [org.geoserver] - Loaded service 'csw', enabled
30 004 06:04:47 CONFIG [org.geoserver] - Loaded service 'WMTSInfoImpl--482e96d9:187311e5e52:-7ffb', enabled
30 004 06:04:47 CONFIG [org.geoserver] - Loaded service 'WCSInfoImpl--482e96d9:187311e5e52:-7ffa', enabled
30 004 06:04:47 CONFIG [org.geoserver] - Loaded service 'WFSInfoImpl--482e96d9:187311e5e52:-7ff9', enabled
30 004 06:04:47 CONFIG [org.geoserver] - Loaded service 'WPSInfoImpl--482e96d9:187311e5e52:-7ff8', enabled
30 004 06:04:47 CONFIG [org.geoserver] - Loaded service 'WMSInfoImpl--482e96d9:187311e5e52:-7ff7', enabled
30 004 06:04:47 CONFIG [gwc.config] - Will look for 'geowebcache.xml' in directory '/opt/geoserver/data_dir/gwc'.
30 004 06:04:47 CONFIG [gwc.config] - Create configuration file '/opt/geoserver/data_dir/gwc/geowebcache.xml' from template jar:file:/usr/local/tomcat/webapps/geoserver/WEB-INF/lib/gwc-core-1.21.1.jar!/geowebcache_empty.xml
30 004 06:04:47 WARN   [config.XMLConfiguration] - GWC configuration validation error: cvc-elt.1.a: Cannot find the declaration of element 'gwcConfiguration'.
30 004 06:04:47 WARN   [config.XMLConfiguration] - Will try to use configuration anyway. Please check the order of declared elements against the schema.
30 004 06:04:47 CONFIG [config.XMLConfiguration] - Initializing GridSets from /opt/geoserver/data_dir/gwc
30 004 06:04:47 CONFIG [config.XMLConfiguration] - Initializing layers from /opt/geoserver/data_dir/gwc
30 004 06:04:47 CONFIG [gwc.layer] - Initializing GWC configuration based on GeoServer's Catalog
30 004 06:04:47 CONFIG [gwc.layer] - GeoServer TileLayer store base directory is: gwc-layers
30 004 06:04:47 CONFIG [gwc.layer] - Loading tile layers from gwc-layers
30 004 06:04:47 CONFIG [gwc.layer] - Loaded 0 tile layers in 6.051 ms
30 004 06:04:47 CONFIG [storage.BlobStoreAggregator] - BlobStoreConfiguration /opt/geoserver/data_dir/gwc contained no blob store infos.
30 004 06:04:47 CONFIG [storage.DefaultStorageFinder] - Found system environment variableGEOWEBCACHE_CACHE_DIR set to /opt/geoserver/data_dir/gwc, using it as the default prefix.
30 004 06:04:48 CONFIG [gwc.config] - Initializing GeoServer specific GWC configuration from gwc-gs.xml
30 004 06:04:49 WARN   [turbojpeg.TurboJPEGMapResponse] - The turbo jpeg encoder is available for usage
30 004 06:04:50 WARN   [gce.imagemosaic] - Unable to set ordering between tiff readers spi
30 004 06:04:50 INFO   [flow.config] - Loaded control-flow rule: ows.global=100
30 004 06:04:50 INFO   [flow.config] - Loaded control-flow rule: ows.wms.getmap=10
30 004 06:04:50 INFO   [flow.config] - Loaded control-flow rule: ows.wfs.getfeature.application/msexcel=4
30 004 06:04:50 INFO   [flow.config] - Loaded control-flow rule: user=6
30 004 06:04:50 INFO   [flow.config] - Loaded control-flow rule: ows.gwc=16
30 004 06:04:50 INFO   [flow.config] - Loaded control-flow rule: user.ows.wps.execute=1000/d;30s
30 004 06:04:50 CONFIG [geoserver.flow] - Control-flow active with 6 flow controllers
30 004 06:04:55 CONFIG [geowebcache.GeoWebCacheDispatcher] - Invoked setServletPrefix(gwc)
30 004 06:04:55 CONFIG [gwc.config] - Will look for 'geowebcache-diskquota.xml' in directory '/opt/geoserver/data_dir/gwc'.
30 004 06:04:56 CONFIG [gwc.config] - Will look for 'geowebcache-diskquota-jdbc.xml' in directory '/opt/geoserver/data_dir/gwc'.
30 004 06:04:56 CONFIG [diskquota.ConfigLoader] - Quota config is: /opt/geoserver/data_dir/gwc/geowebcache-diskquota.xml
30 004 06:04:56 CONFIG [diskquota.ConfigLoader] - Quota config is: /opt/geoserver/data_dir/gwc/geowebcache-diskquota.xml
30 004 06:04:56 CONFIG [diskquota.DiskQuotaMonitor] - Setting up disk quota periodic enforcement task
30 004 06:04:56 CONFIG [diskquota.DiskQuotaMonitor] - 0 layers configured with their own quotas. 
30 004 06:04:56 CONFIG [diskquota.DiskQuotaMonitor] - 0 layers attached to global quota 20.0 GB
30 004 06:04:56 CONFIG [diskquota.DiskQuotaMonitor] - Disk quota periodic enforcement task set up every 5 SECONDS
30 004 06:04:56 CONFIG [wms.WMSService] - Will NOT recombine tiles for non-tiling clients.
30 004 06:04:56 CONFIG [wms.WMSService] - Will proxy requests to backend that are not getmap or getcapabilities.
30 004 06:04:58 INFO   [geoserver.monitor] - Monitor extension enabled
30 004 06:04:58 CONFIG [geoserver.wps] - Found 5 bindable processes in GeoServer specific processes
30 004 06:04:58 CONFIG [geoserver.wps] - Found 89 bindable processes in Deprecated processes
30 004 06:04:58 CONFIG [geoserver.wps] - Blacklisting process ras:ConvolveCoverage as the input kernel of type class javax.media.jai.KernelJAI cannot be handled
30 004 06:04:58 CONFIG [geoserver.wps] - Blacklisting process ras:RasterZonalStatistics2 as the input zones of type class java.lang.Object cannot be handled
30 004 06:04:58 CONFIG [geoserver.wps] - Blacklisting process ras:RasterZonalStatistics2 as the input nodata of type class it.geosolutions.jaiext.range.Range cannot be handled
30 004 06:04:58 CONFIG [geoserver.wps] - Blacklisting process ras:RasterZonalStatistics2 as the input rangeData of type class java.lang.Object cannot be handled
30 004 06:04:58 CONFIG [geoserver.wps] - Blacklisting process ras:RasterZonalStatistics2 as the output zonal statistics of type interface java.util.List cannot be handled
30 004 06:04:58 CONFIG [geoserver.wps] - Found 18 bindable processes in Raster processes
30 004 06:04:58 CONFIG [geoserver.wps] - Blacklisting process vec:GroupCandidateSelection as the input groupingAttributes of type class java.lang.Object cannot be handled
30 004 06:04:58 CONFIG [geoserver.wps] - Found 31 bindable processes in Vector processes
30 004 06:04:58 CONFIG [geoserver.wps] - Found 48 bindable processes in Geometry processes
30 004 06:04:58 CONFIG [geoserver.wps] - Found 1 bindable processes in PolygonLabelProcess
30 004 06:04:58 CONFIG [geoserver.wps] - Found 1 bindable processes in geo
30 004 06:04:58 CONFIG [geoserver.wps] - Found 1 bindable processes in geo
30 005 06:05:00 CONFIG [geoserver.security] - AuthenticationCache Initialized with 1000 Max Entries, 300 seconds idle time, 600 seconds time to live and 3 concurrency level
30 005 06:05:00 CONFIG [geoserver.security] - AuthenticationCache Eviction Task created to run every 600 seconds
30 005 06:05:05 CONFIG [geoserver.security] - Start reloading user/groups for service named default
30 005 06:05:05 CONFIG [geoserver.security] - Reloading user/groups successful for service named default
30 005 06:05:05 INFO   [config.XMLConfiguration] - Wrote configuration to /opt/geoserver/data_dir/gwc
30 005 06:05:35 WARN   [geoserver.security] - Failed login, user admin from 172.18.0.1
30 005 06:05:35 INFO   [geoserver.security] - Brute force attack prevention, delaying login for 3742ms
30 005 06:05:39 INFO   [geoserver.security] - Strong cryptography is available
30 005 06:05:40 WARN   [geoserver.security] - Failed login, user admin from 172.18.0.1
30 005 06:05:40 INFO   [geoserver.security] - Brute force attack prevention, delaying login for 1801ms
30 014 06:14:17 CONFIG [geoserver.logging] - Log4j 2 configuration set to DEFAULT_LOGGING.xml
